<?xml version="1.0" encoding="UTF-8"?>
<testng-results ignored="1" total="2" passed="1" failed="0" skipped="0">
  <reporter-output>
  </reporter-output>
  <suite started-at="2024-12-24T11:29:50 IST" name="Default suite" finished-at="2024-12-24T11:30:24 IST" duration-ms="33539">
    <groups>
    </groups>
    <test started-at="2024-12-24T11:29:50 IST" name="Default test" finished-at="2024-12-24T11:30:24 IST" duration-ms="33539">
      <class name="Campaign.CreateCampaignTest">
        <test-method is-config="true" signature="bs()[pri:0, instance:Campaign.CreateCampaignTest@5c33f1a9]" started-at="2024-12-24T11:29:50 IST" name="bs" finished-at="2024-12-24T11:29:50 IST" duration-ms="24" status="PASS">
          <reporter-output>
          </reporter-output>
        </test-method> <!-- bs -->
        <test-method is-config="true" signature="bt()[pri:0, instance:Campaign.CreateCampaignTest@5c33f1a9]" started-at="2024-12-24T11:29:50 IST" name="bt" finished-at="2024-12-24T11:29:50 IST" duration-ms="1" status="PASS">
          <reporter-output>
          </reporter-output>
        </test-method> <!-- bt -->
        <test-method is-config="true" signature="bc()[pri:0, instance:Campaign.CreateCampaignTest@5c33f1a9]" started-at="2024-12-24T11:29:50 IST" name="bc" finished-at="2024-12-24T11:29:53 IST" duration-ms="2742" status="PASS">
          <reporter-output>
          </reporter-output>
        </test-method> <!-- bc -->
        <test-method is-config="true" signature="bm()[pri:0, instance:Campaign.CreateCampaignTest@5c33f1a9]" started-at="2024-12-24T11:29:53 IST" name="bm" finished-at="2024-12-24T11:29:58 IST" duration-ms="5179" status="PASS">
          <reporter-output>
          </reporter-output>
        </test-method> <!-- bm -->
        <test-method signature="createCampaignTest()[pri:0, instance:Campaign.CreateCampaignTest@5c33f1a9]" started-at="2024-12-24T11:29:58 IST" name="createCampaignTest" finished-at="2024-12-24T11:30:20 IST" duration-ms="21552" status="PASS">
          <reporter-output>
          </reporter-output>
        </test-method> <!-- createCampaignTest -->
        <test-method is-config="true" signature="am()[pri:0, instance:Campaign.CreateCampaignTest@5c33f1a9]" started-at="2024-12-24T11:30:20 IST" name="am" finished-at="2024-12-24T11:30:23 IST" duration-ms="2704" status="PASS">
          <reporter-output>
          </reporter-output>
        </test-method> <!-- am -->
        <test-method is-config="true" signature="ac()[pri:0, instance:Campaign.CreateCampaignTest@5c33f1a9]" started-at="2024-12-24T11:30:23 IST" name="ac" finished-at="2024-12-24T11:30:24 IST" duration-ms="797" status="PASS">
          <reporter-output>
          </reporter-output>
        </test-method> <!-- ac -->
        <test-method is-config="true" signature="at()[pri:0, instance:Campaign.CreateCampaignTest@5c33f1a9]" started-at="2024-12-24T11:30:24 IST" name="at" finished-at="2024-12-24T11:30:24 IST" duration-ms="1" status="PASS">
          <reporter-output>
          </reporter-output>
        </test-method> <!-- at -->
        <test-method is-config="true" signature="as()[pri:0, instance:Campaign.CreateCampaignTest@5c33f1a9]" started-at="2024-12-24T11:30:24 IST" name="as" finished-at="2024-12-24T11:30:24 IST" duration-ms="0" status="PASS">
          <reporter-output>
          </reporter-output>
        </test-method> <!-- as -->
      </class> <!-- Campaign.CreateCampaignTest -->
    </test> <!-- Default test -->
  </suite> <!-- Default suite -->
</testng-results>
